<?xml version="1.0" encoding="UTF-8"?>
<!-- Generated by org.testng.reporters.JUnitXMLReporter -->
<testsuite ignored="0" hostname="michael-manjaro" failures="0" tests="5" name="Default test" time="0.046" errors="0" timestamp="2021-11-23T14:17:21 EAT">
  <testcase classname="com.project.CMSC495.GetterSetterTesting" name="channelTest" time="0.006"/>
  <testcase classname="com.project.CMSC495.GetterSetterTesting" name="emailTest" time="0.001"/>
  <testcase classname="com.project.CMSC495.GetterSetterTesting" name="idTest" time="0.001"/>
  <testcase classname="com.project.CMSC495.GetterSetterTesting" name="nameTest" time="0.001"/>
  <testcase classname="com.project.CMSC495.GetterSetterTesting" name="providerTest" time="0.0"/>
</testsuite> <!-- Default test -->
