<?xml version="1.0" encoding="UTF-8"?>
<!-- Generated by org.testng.reporters.JUnitXMLReporter -->
<testsuite ignored="0" hostname="michael-ubuntu" failures="0" tests="5" name="Default test" time="0.064" errors="0" timestamp="2021-11-26T02:47:20 EST">
  <testcase classname="com.project.CMSC495.GetterSetterTesting" name="channelTest" time="0.008"/>
  <testcase classname="com.project.CMSC495.GetterSetterTesting" name="emailTest" time="0.001"/>
  <testcase classname="com.project.CMSC495.GetterSetterTesting" name="idTest" time="0.001"/>
  <testcase classname="com.project.CMSC495.GetterSetterTesting" name="nameTest" time="0.002"/>
  <testcase classname="com.project.CMSC495.GetterSetterTesting" name="providerTest" time="0.001"/>
</testsuite> <!-- Default test -->
