<?xml version="1.0" encoding="UTF-8"?>
<testng-results ignored="0" total="5" passed="5" failed="0" skipped="0">
  <reporter-output>
  </reporter-output>
  <suite started-at="2021-11-26T02:47:20 EST" name="Default suite" finished-at="2021-11-26T02:47:20 EST" duration-ms="64">
    <groups>
    </groups>
    <test started-at="2021-11-26T02:47:20 EST" name="Default test" finished-at="2021-11-26T02:47:20 EST" duration-ms="64">
      <class name="com.project.CMSC495.GetterSetterTesting">
        <test-method is-config="true" signature="setTestData()[pri:0, instance:com.project.CMSC495.GetterSetterTesting@28f2a10f]" started-at="2021-11-26T02:47:20 EST" name="setTestData" finished-at="2021-11-26T02:47:20 EST" duration-ms="8" status="PASS">
          <reporter-output>
          </reporter-output>
        </test-method> <!-- setTestData -->
        <test-method signature="channelTest()[pri:0, instance:com.project.CMSC495.GetterSetterTesting@28f2a10f]" started-at="2021-11-26T02:47:20 EST" name="channelTest" description="Tests the getter and setter of channels" finished-at="2021-11-26T02:47:20 EST" duration-ms="8" status="PASS">
          <reporter-output>
          </reporter-output>
        </test-method> <!-- channelTest -->
        <test-method signature="emailTest()[pri:0, instance:com.project.CMSC495.GetterSetterTesting@28f2a10f]" started-at="2021-11-26T02:47:20 EST" name="emailTest" description="Tests the getter and setter of email" finished-at="2021-11-26T02:47:20 EST" duration-ms="1" status="PASS">
          <reporter-output>
          </reporter-output>
        </test-method> <!-- emailTest -->
        <test-method signature="idTest()[pri:0, instance:com.project.CMSC495.GetterSetterTesting@28f2a10f]" started-at="2021-11-26T02:47:20 EST" name="idTest" description="Tests the getter and setter of id" finished-at="2021-11-26T02:47:20 EST" duration-ms="1" status="PASS">
          <reporter-output>
          </reporter-output>
        </test-method> <!-- idTest -->
        <test-method signature="nameTest()[pri:0, instance:com.project.CMSC495.GetterSetterTesting@28f2a10f]" started-at="2021-11-26T02:47:20 EST" name="nameTest" description="Tests the getter and setter of name" finished-at="2021-11-26T02:47:20 EST" duration-ms="2" status="PASS">
          <reporter-output>
          </reporter-output>
        </test-method> <!-- nameTest -->
        <test-method signature="providerTest()[pri:0, instance:com.project.CMSC495.GetterSetterTesting@28f2a10f]" started-at="2021-11-26T02:47:20 EST" name="providerTest" description="Tests the getter and setter of provider" finished-at="2021-11-26T02:47:20 EST" duration-ms="1" status="PASS">
          <reporter-output>
          </reporter-output>
        </test-method> <!-- providerTest -->
      </class> <!-- com.project.CMSC495.GetterSetterTesting -->
    </test> <!-- Default test -->
  </suite> <!-- Default suite -->
</testng-results>
